ab0
ab5
ace
add
ad5
aff
a1d
a55
bad
bed
bee
b16
b0a
b0b
b0d
b00
cab
cad
cee
c15
c0b
c0d
c00
c05
dad
deb
dee
def
d1b
d1d
d1e
d13
d0c
d0e
d05
ebb
ed5
eff
ef5
fab
fad
fed
fee
f0e
1ce
1c3
1d5
1ff
1f1
0b1
0ca
0dd
0ff
05e
5ab
5ac
5ad
5ae
5ea
5ec
5ee
515
50b
50d
505
aced
ace5
ac1d
add5
a1de
a1d5
a5c1
baba
babe
bade
bad5
ba5e
ba55
bead
bed5
beef
bee5
b1a5
b1bb
b1b5
b1ff
b105
b0a5
b0b5
b0de
b0d5
b00b
b055
cab5
caca
cafe
ca5a
ca5e
c1a0
c0b5
c0ca
c0c0
c0de
c0d3
c0ed
c03d
dada
dad0
dad5
dead
d3ad
d34d
deaf
deb5
dec0
deed
d1ce
d1c3
d1d0
d1ed
d13d
d1e5
d135
d1ff
d15c
d155
d0d0
d00d
d0e5
d05e
d055
ea5e
face
fade
fad5
fed5
feed
fee5
f1fa
f0e5
f00d
f055
600d
1b15
1ced
1ce5
1dea
0b0e
0de5
0ff5
5afe
5a1d
5a55
5ea5
5ec5
5eed
5ee5
51de
50b5
50da
50d5
50fa
0001
